2023-11-18 23:33:59,690 - kedro.framework.session.session - INFO - Kedro project iris-kedro-demo
2023-11-18 23:38:09,991 - kedro.framework.session.session - INFO - Kedro project iris-kedro-demo
2023-11-18 23:39:30,455 - kedro.framework.session.session - INFO - Kedro project iris-kedro-demo
2023-11-18 23:39:32,890 - kedro.io.data_catalog - INFO - Loading data from 'iris' (CSVDataSet)...
2023-11-18 23:39:32,898 - kedro.runner.sequential_runner - WARNING - No nodes ran. Repeat the previous command to attempt a new run.
2023-11-18 23:41:14,099 - kedro.framework.session.session - INFO - Kedro project iris-kedro-demo
2023-11-18 23:41:16,232 - kedro.io.data_catalog - INFO - Loading data from 'iris' (CSVDataSet)...
2023-11-18 23:41:16,444 - kedro.pipeline.node - INFO - Running node: preprocessing([iris]) -> [X,y]
2023-11-18 23:41:16,477 - kedro.io.data_catalog - INFO - Saving data to 'X' (PickleDataSet)...
2023-11-18 23:41:16,493 - kedro.io.data_catalog - INFO - Saving data to 'y' (PickleDataSet)...
2023-11-18 23:41:16,493 - kedro.runner.sequential_runner - INFO - Completed 1 out of 2 tasks
2023-11-18 23:41:16,502 - kedro.io.data_catalog - INFO - Loading data from 'X' (PickleDataSet)...
2023-11-18 23:41:16,517 - kedro.io.data_catalog - INFO - Loading data from 'y' (PickleDataSet)...
2023-11-18 23:41:16,533 - kedro.io.data_catalog - INFO - Loading data from 'params:spilt' (MemoryDataset)...
2023-11-18 23:41:16,541 - kedro.pipeline.node - INFO - Running node: split_data([X,y,params:spilt]) -> [X_train,X_test,y_train,y_test]
2023-11-18 23:41:16,541 - kedro.pipeline.node - ERROR - Node 'split_data([X,y,params:spilt]) -> [X_train,X_test,y_train,y_test]' failed with error: 
The 'test_size' parameter of train_test_split must be a float in the range (0.0, 1.0), an int in the range [1, inf) or None. Got 2.0 instead.
2023-11-18 23:41:16,554 - kedro.runner.sequential_runner - WARNING - There are 1 nodes that have not run.
You can resume the pipeline run from the nearest nodes with persisted inputs by adding the following argument to your previous command:
  --from-nodes "preprocessing([iris]) -> [X,y]"
2023-11-18 23:43:51,949 - kedro.framework.session.session - INFO - Kedro project iris-kedro-demo
2023-11-18 23:43:54,048 - kedro.io.data_catalog - INFO - Loading data from 'iris' (CSVDataSet)...
2023-11-18 23:43:54,071 - kedro.pipeline.node - INFO - Running node: preprocessing([iris]) -> [X,y]
2023-11-18 23:43:54,095 - kedro.io.data_catalog - INFO - Saving data to 'X' (PickleDataSet)...
2023-11-18 23:43:54,103 - kedro.io.data_catalog - INFO - Saving data to 'y' (PickleDataSet)...
2023-11-18 23:43:54,103 - kedro.runner.sequential_runner - INFO - Completed 1 out of 2 tasks
2023-11-18 23:43:54,111 - kedro.io.data_catalog - INFO - Loading data from 'X' (PickleDataSet)...
2023-11-18 23:43:54,119 - kedro.io.data_catalog - INFO - Loading data from 'y' (PickleDataSet)...
2023-11-18 23:43:54,119 - kedro.io.data_catalog - INFO - Loading data from 'params:spilt' (MemoryDataset)...
2023-11-18 23:43:54,127 - kedro.pipeline.node - INFO - Running node: split_data([X,y,params:spilt]) -> [X_train,X_test,y_train,y_test]
2023-11-18 23:43:54,331 - kedro.io.data_catalog - INFO - Saving data to 'X_train' (PickleDataSet)...
2023-11-18 23:43:54,356 - kedro.io.data_catalog - INFO - Saving data to 'X_test' (PickleDataSet)...
2023-11-18 23:43:54,372 - kedro.io.data_catalog - INFO - Saving data to 'y_train' (PickleDataSet)...
2023-11-18 23:43:54,380 - kedro.io.data_catalog - INFO - Saving data to 'y_test' (PickleDataSet)...
2023-11-18 23:43:54,388 - kedro.runner.sequential_runner - INFO - Completed 2 out of 2 tasks
2023-11-18 23:43:54,388 - kedro.runner.sequential_runner - INFO - Pipeline execution completed successfully.
2023-11-20 11:28:13,625 - kedro.framework.session.session - INFO - Kedro project iris-kedro-demo
2023-11-20 11:28:19,682 - kedro.io.data_catalog - INFO - Loading data from 'iris' (CSVDataSet)...
2023-11-20 11:28:19,731 - kedro.pipeline.node - INFO - Running node: preprocessing([iris]) -> [X,y]
2023-11-20 11:28:19,764 - kedro.io.data_catalog - INFO - Saving data to 'X' (PickleDataSet)...
2023-11-20 11:28:19,771 - kedro.io.data_catalog - INFO - Saving data to 'y' (PickleDataSet)...
2023-11-20 11:28:19,771 - kedro.runner.sequential_runner - INFO - Completed 1 out of 2 tasks
2023-11-20 11:28:19,779 - kedro.io.data_catalog - INFO - Loading data from 'X' (PickleDataSet)...
2023-11-20 11:28:19,787 - kedro.io.data_catalog - INFO - Loading data from 'y' (PickleDataSet)...
2023-11-20 11:28:19,798 - kedro.io.data_catalog - INFO - Loading data from 'params:spilt' (MemoryDataset)...
2023-11-20 11:28:19,806 - kedro.pipeline.node - INFO - Running node: split_data([X,y,params:spilt]) -> [X_train,X_test,y_train,y_test]
2023-11-20 11:28:19,830 - kedro.io.data_catalog - INFO - Saving data to 'X_train' (PickleDataSet)...
2023-11-20 11:28:19,830 - kedro.io.data_catalog - INFO - Saving data to 'X_test' (PickleDataSet)...
2023-11-20 11:28:19,845 - kedro.io.data_catalog - INFO - Saving data to 'y_train' (PickleDataSet)...
2023-11-20 11:28:19,845 - kedro.io.data_catalog - INFO - Saving data to 'y_test' (PickleDataSet)...
2023-11-20 11:28:19,845 - kedro.runner.sequential_runner - INFO - Completed 2 out of 2 tasks
2023-11-20 11:28:19,861 - kedro.runner.sequential_runner - INFO - Pipeline execution completed successfully.
2023-11-20 11:34:15,466 - kedro.framework.session.session - INFO - Kedro project iris-kedro-demo
2023-11-20 11:34:17,324 - kedro.io.data_catalog - INFO - Loading data from 'iris' (CSVDataSet)...
2023-11-20 11:34:17,358 - kedro.pipeline.node - INFO - Running node: preprocessing([iris]) -> [X,y]
2023-11-20 11:34:17,380 - kedro.io.data_catalog - INFO - Saving data to 'X' (PickleDataSet)...
2023-11-20 11:34:17,390 - kedro.io.data_catalog - INFO - Saving data to 'y' (PickleDataSet)...
2023-11-20 11:34:17,390 - kedro.runner.sequential_runner - INFO - Completed 1 out of 3 tasks
2023-11-20 11:34:17,397 - kedro.io.data_catalog - INFO - Loading data from 'X' (PickleDataSet)...
2023-11-20 11:34:17,405 - kedro.io.data_catalog - INFO - Loading data from 'y' (PickleDataSet)...
2023-11-20 11:34:17,410 - kedro.io.data_catalog - INFO - Loading data from 'params:spilt' (MemoryDataset)...
2023-11-20 11:34:17,413 - kedro.pipeline.node - INFO - Running node: split_data([X,y,params:spilt]) -> [X_train,X_test,y_train,y_test]
2023-11-20 11:34:17,435 - kedro.io.data_catalog - INFO - Saving data to 'X_train' (PickleDataSet)...
2023-11-20 11:34:17,445 - kedro.io.data_catalog - INFO - Saving data to 'X_test' (PickleDataSet)...
2023-11-20 11:34:17,448 - kedro.io.data_catalog - INFO - Saving data to 'y_train' (PickleDataSet)...
2023-11-20 11:34:17,455 - kedro.io.data_catalog - INFO - Saving data to 'y_test' (PickleDataSet)...
2023-11-20 11:34:17,459 - kedro.runner.sequential_runner - INFO - Completed 2 out of 3 tasks
2023-11-20 11:34:17,463 - kedro.io.data_catalog - INFO - Loading data from 'X_train' (PickleDataSet)...
2023-11-20 11:34:17,476 - kedro.io.data_catalog - INFO - Loading data from 'y_train' (PickleDataSet)...
2023-11-20 11:34:17,489 - kedro.pipeline.node - INFO - Running node: train_model([X_train,y_train]) -> [model]
2023-11-20 11:34:17,770 - kedro.pipeline.node - ERROR - Node 'train_model([X_train,y_train]) -> [model]' failed with error: 
Failed to save outputs of node train_model([X_train,y_train]) -> [model].
The node definition contains a list of outputs ['model'], whereas the node function returned a 'LogisticRegression'.
2023-11-20 11:34:17,794 - kedro.runner.sequential_runner - WARNING - There are 1 nodes that have not run.
You can resume the pipeline run from the nearest nodes with persisted inputs by adding the following argument to your previous command:
  --from-nodes "train_model([X_train,y_train]) -> [model]"
2023-11-20 11:38:56,372 - kedro.framework.session.session - INFO - Kedro project iris-kedro-demo
2023-11-20 11:38:58,232 - kedro.io.data_catalog - INFO - Loading data from 'iris' (CSVDataSet)...
2023-11-20 11:38:58,257 - kedro.pipeline.node - INFO - Running node: preprocessing([iris]) -> [X,y]
2023-11-20 11:38:58,282 - kedro.io.data_catalog - INFO - Saving data to 'X' (PickleDataSet)...
2023-11-20 11:38:58,289 - kedro.io.data_catalog - INFO - Saving data to 'y' (PickleDataSet)...
2023-11-20 11:38:58,294 - kedro.runner.sequential_runner - INFO - Completed 1 out of 3 tasks
2023-11-20 11:38:58,298 - kedro.io.data_catalog - INFO - Loading data from 'X' (PickleDataSet)...
2023-11-20 11:38:58,305 - kedro.io.data_catalog - INFO - Loading data from 'y' (PickleDataSet)...
2023-11-20 11:38:58,306 - kedro.io.data_catalog - INFO - Loading data from 'params:split' (MemoryDataset)...
2023-11-20 11:38:58,314 - kedro.pipeline.node - INFO - Running node: split_data([X,y,params:split]) -> [X_train,X_test,y_train,y_test]
2023-11-20 11:38:58,330 - kedro.io.data_catalog - INFO - Saving data to 'X_train' (PickleDataSet)...
2023-11-20 11:38:58,338 - kedro.io.data_catalog - INFO - Saving data to 'X_test' (PickleDataSet)...
2023-11-20 11:38:58,340 - kedro.io.data_catalog - INFO - Saving data to 'y_train' (PickleDataSet)...
2023-11-20 11:38:58,348 - kedro.io.data_catalog - INFO - Saving data to 'y_test' (PickleDataSet)...
2023-11-20 11:38:58,355 - kedro.runner.sequential_runner - INFO - Completed 2 out of 3 tasks
2023-11-20 11:38:58,356 - kedro.io.data_catalog - INFO - Loading data from 'X_train' (PickleDataSet)...
2023-11-20 11:38:58,370 - kedro.io.data_catalog - INFO - Loading data from 'y_train' (PickleDataSet)...
2023-11-20 11:38:58,379 - kedro.pipeline.node - INFO - Running node: train_model([X_train,y_train]) -> [model]
2023-11-20 11:38:58,398 - kedro.pipeline.node - ERROR - Node 'train_model([X_train,y_train]) -> [model]' failed with error: 
Failed to save outputs of node train_model([X_train,y_train]) -> [model].
The node definition contains a list of outputs ['model'], whereas the node function returned a 'LogisticRegression'.
2023-11-20 11:38:58,407 - kedro.runner.sequential_runner - WARNING - There are 1 nodes that have not run.
You can resume the pipeline run from the nearest nodes with persisted inputs by adding the following argument to your previous command:
  --from-nodes "train_model([X_train,y_train]) -> [model]"
2023-11-20 11:40:43,632 - kedro.framework.session.session - INFO - Kedro project iris-kedro-demo
2023-11-20 11:40:45,532 - kedro.io.data_catalog - INFO - Loading data from 'iris' (CSVDataSet)...
2023-11-20 11:40:45,548 - kedro.pipeline.node - INFO - Running node: preprocessing([iris]) -> [X,y]
2023-11-20 11:40:45,581 - kedro.io.data_catalog - INFO - Saving data to 'X' (PickleDataSet)...
2023-11-20 11:40:45,590 - kedro.io.data_catalog - INFO - Saving data to 'y' (PickleDataSet)...
2023-11-20 11:40:45,591 - kedro.runner.sequential_runner - INFO - Completed 1 out of 3 tasks
2023-11-20 11:40:45,591 - kedro.io.data_catalog - INFO - Loading data from 'X' (PickleDataSet)...
2023-11-20 11:40:45,599 - kedro.io.data_catalog - INFO - Loading data from 'y' (PickleDataSet)...
2023-11-20 11:40:45,608 - kedro.io.data_catalog - INFO - Loading data from 'params:split' (MemoryDataset)...
2023-11-20 11:40:45,616 - kedro.pipeline.node - INFO - Running node: split_data([X,y,params:split]) -> [X_train,X_test,y_train,y_test]
2023-11-20 11:40:45,645 - kedro.io.data_catalog - INFO - Saving data to 'X_train' (PickleDataSet)...
2023-11-20 11:40:45,770 - kedro.io.data_catalog - INFO - Saving data to 'X_test' (PickleDataSet)...
2023-11-20 11:40:45,786 - kedro.io.data_catalog - INFO - Saving data to 'y_train' (PickleDataSet)...
2023-11-20 11:40:45,793 - kedro.io.data_catalog - INFO - Saving data to 'y_test' (PickleDataSet)...
2023-11-20 11:40:45,800 - kedro.runner.sequential_runner - INFO - Completed 2 out of 3 tasks
2023-11-20 11:40:45,800 - kedro.io.data_catalog - INFO - Loading data from 'X_train' (PickleDataSet)...
2023-11-20 11:40:45,814 - kedro.io.data_catalog - INFO - Loading data from 'y_train' (PickleDataSet)...
2023-11-20 11:40:45,823 - kedro.pipeline.node - INFO - Running node: train_model([X_train,y_train]) -> [model]
2023-11-20 11:40:45,843 - kedro.pipeline.node - ERROR - Node 'train_model([X_train,y_train]) -> [model]' failed with error: 
Failed to save outputs of node train_model([X_train,y_train]) -> [model].
The node definition contains a list of outputs ['model'], whereas the node function returned a 'dict'.
2023-11-20 11:40:45,853 - kedro.runner.sequential_runner - WARNING - There are 1 nodes that have not run.
You can resume the pipeline run from the nearest nodes with persisted inputs by adding the following argument to your previous command:
  --from-nodes "train_model([X_train,y_train]) -> [model]"
2023-11-20 11:42:02,001 - kedro.framework.session.session - INFO - Kedro project iris-kedro-demo
2023-11-20 11:42:03,861 - kedro.io.data_catalog - INFO - Loading data from 'iris' (CSVDataSet)...
2023-11-20 11:42:03,893 - kedro.pipeline.node - INFO - Running node: preprocessing([iris]) -> [X,y]
2023-11-20 11:42:03,917 - kedro.io.data_catalog - INFO - Saving data to 'X' (PickleDataSet)...
2023-11-20 11:42:03,919 - kedro.io.data_catalog - INFO - Saving data to 'y' (PickleDataSet)...
2023-11-20 11:42:03,927 - kedro.runner.sequential_runner - INFO - Completed 1 out of 3 tasks
2023-11-20 11:42:03,931 - kedro.io.data_catalog - INFO - Loading data from 'X' (PickleDataSet)...
2023-11-20 11:42:03,940 - kedro.io.data_catalog - INFO - Loading data from 'y' (PickleDataSet)...
2023-11-20 11:42:03,943 - kedro.io.data_catalog - INFO - Loading data from 'params:split' (MemoryDataset)...
2023-11-20 11:42:03,952 - kedro.pipeline.node - INFO - Running node: split_data([X,y,params:split]) -> [X_train,X_test,y_train,y_test]
2023-11-20 11:42:03,970 - kedro.io.data_catalog - INFO - Saving data to 'X_train' (PickleDataSet)...
2023-11-20 11:42:03,981 - kedro.io.data_catalog - INFO - Saving data to 'X_test' (PickleDataSet)...
2023-11-20 11:42:03,987 - kedro.io.data_catalog - INFO - Saving data to 'y_train' (PickleDataSet)...
2023-11-20 11:42:03,992 - kedro.io.data_catalog - INFO - Saving data to 'y_test' (PickleDataSet)...
2023-11-20 11:42:03,993 - kedro.runner.sequential_runner - INFO - Completed 2 out of 3 tasks
2023-11-20 11:42:03,998 - kedro.io.data_catalog - INFO - Loading data from 'X_train' (PickleDataSet)...
2023-11-20 11:42:04,007 - kedro.io.data_catalog - INFO - Loading data from 'y_train' (PickleDataSet)...
2023-11-20 11:42:04,018 - kedro.pipeline.node - INFO - Running node: train_model([X_train,y_train]) -> [model]
2023-11-20 11:42:04,036 - kedro.pipeline.node - ERROR - Node 'train_model([X_train,y_train]) -> [model]' failed with error: 
Failed to save outputs of node train_model([X_train,y_train]) -> [model].
The node definition contains a list of outputs ['model'], whereas the node function returned a 'LogisticRegression'.
2023-11-20 11:42:04,045 - kedro.runner.sequential_runner - WARNING - There are 1 nodes that have not run.
You can resume the pipeline run from the nearest nodes with persisted inputs by adding the following argument to your previous command:
  --from-nodes "train_model([X_train,y_train]) -> [model]"
2023-11-20 11:42:58,171 - kedro.framework.session.session - INFO - Kedro project iris-kedro-demo
2023-11-20 11:43:00,078 - kedro.io.data_catalog - INFO - Loading data from 'iris' (CSVDataSet)...
2023-11-20 11:43:00,103 - kedro.pipeline.node - INFO - Running node: preprocessing([iris]) -> [X,y]
2023-11-20 11:43:00,128 - kedro.io.data_catalog - INFO - Saving data to 'X' (PickleDataSet)...
2023-11-20 11:43:00,135 - kedro.io.data_catalog - INFO - Saving data to 'y' (PickleDataSet)...
2023-11-20 11:43:00,144 - kedro.runner.sequential_runner - INFO - Completed 1 out of 3 tasks
2023-11-20 11:43:00,145 - kedro.io.data_catalog - INFO - Loading data from 'X' (PickleDataSet)...
2023-11-20 11:43:00,152 - kedro.io.data_catalog - INFO - Loading data from 'y' (PickleDataSet)...
2023-11-20 11:43:00,156 - kedro.io.data_catalog - INFO - Loading data from 'params:split' (MemoryDataset)...
2023-11-20 11:43:00,166 - kedro.pipeline.node - INFO - Running node: split_data([X,y,params:split]) -> [X_train,X_test,y_train,y_test]
2023-11-20 11:43:00,181 - kedro.io.data_catalog - INFO - Saving data to 'X_train' (PickleDataSet)...
2023-11-20 11:43:00,187 - kedro.io.data_catalog - INFO - Saving data to 'X_test' (PickleDataSet)...
2023-11-20 11:43:00,195 - kedro.io.data_catalog - INFO - Saving data to 'y_train' (PickleDataSet)...
2023-11-20 11:43:00,199 - kedro.io.data_catalog - INFO - Saving data to 'y_test' (PickleDataSet)...
2023-11-20 11:43:00,207 - kedro.runner.sequential_runner - INFO - Completed 2 out of 3 tasks
2023-11-20 11:43:00,209 - kedro.io.data_catalog - INFO - Loading data from 'X_train' (PickleDataSet)...
2023-11-20 11:43:00,212 - kedro.io.data_catalog - INFO - Loading data from 'y_train' (PickleDataSet)...
2023-11-20 11:43:00,226 - kedro.pipeline.node - INFO - Running node: train_model([X_train,y_train]) -> [model]
2023-11-20 11:43:00,245 - kedro.pipeline.node - ERROR - Node 'train_model([X_train,y_train]) -> [model]' failed with error: 
Failed to save outputs of node train_model([X_train,y_train]) -> [model].
The node definition contains a list of outputs ['model'], whereas the node function returned a 'LogisticRegression'.
2023-11-20 11:43:00,253 - kedro.runner.sequential_runner - WARNING - There are 1 nodes that have not run.
You can resume the pipeline run from the nearest nodes with persisted inputs by adding the following argument to your previous command:
  --from-nodes "train_model([X_train,y_train]) -> [model]"
2023-11-20 11:46:39,993 - kedro.framework.session.session - INFO - Kedro project iris-kedro-demo
2023-11-20 11:46:41,883 - kedro.io.data_catalog - INFO - Loading data from 'iris' (CSVDataSet)...
2023-11-20 11:46:41,909 - kedro.pipeline.node - INFO - Running node: preprocessing([iris]) -> [X,y]
2023-11-20 11:46:41,926 - kedro.io.data_catalog - INFO - Saving data to 'X' (PickleDataSet)...
2023-11-20 11:46:41,935 - kedro.io.data_catalog - INFO - Saving data to 'y' (PickleDataSet)...
2023-11-20 11:46:41,942 - kedro.runner.sequential_runner - INFO - Completed 1 out of 3 tasks
2023-11-20 11:46:41,942 - kedro.io.data_catalog - INFO - Loading data from 'X' (PickleDataSet)...
2023-11-20 11:46:41,950 - kedro.io.data_catalog - INFO - Loading data from 'y' (PickleDataSet)...
2023-11-20 11:46:41,957 - kedro.io.data_catalog - INFO - Loading data from 'params:split' (MemoryDataset)...
2023-11-20 11:46:41,963 - kedro.pipeline.node - INFO - Running node: split_data([X,y,params:split]) -> [X_train,X_test,y_train,y_test]
2023-11-20 11:46:41,984 - kedro.io.data_catalog - INFO - Saving data to 'X_train' (PickleDataSet)...
2023-11-20 11:46:41,992 - kedro.io.data_catalog - INFO - Saving data to 'X_test' (PickleDataSet)...
2023-11-20 11:46:41,993 - kedro.io.data_catalog - INFO - Saving data to 'y_train' (PickleDataSet)...
2023-11-20 11:46:42,001 - kedro.io.data_catalog - INFO - Saving data to 'y_test' (PickleDataSet)...
2023-11-20 11:46:42,008 - kedro.runner.sequential_runner - INFO - Completed 2 out of 3 tasks
2023-11-20 11:46:42,008 - kedro.io.data_catalog - INFO - Loading data from 'X_train' (PickleDataSet)...
2023-11-20 11:46:42,018 - kedro.io.data_catalog - INFO - Loading data from 'y_train' (PickleDataSet)...
2023-11-20 11:46:42,025 - kedro.pipeline.node - INFO - Running node: train_model([X_train,y_train]) -> [model]
2023-11-20 11:46:42,195 - kedro.io.data_catalog - INFO - Saving data to 'model' (PickleDataSet)...
2023-11-20 11:46:42,210 - kedro.runner.sequential_runner - INFO - Completed 3 out of 3 tasks
2023-11-20 11:46:42,226 - kedro.runner.sequential_runner - INFO - Pipeline execution completed successfully.
2023-11-20 11:53:25,281 - kedro.framework.session.session - INFO - Kedro project iris-kedro-demo
2023-11-20 11:53:27,371 - kedro.io.data_catalog - INFO - Loading data from 'iris' (CSVDataSet)...
2023-11-20 11:53:27,389 - kedro.pipeline.node - INFO - Running node: preprocessing([iris]) -> [X,y]
2023-11-20 11:53:27,415 - kedro.io.data_catalog - INFO - Saving data to 'X' (PickleDataSet)...
2023-11-20 11:53:27,423 - kedro.io.data_catalog - INFO - Saving data to 'y' (PickleDataSet)...
2023-11-20 11:53:27,429 - kedro.runner.sequential_runner - INFO - Completed 1 out of 4 tasks
2023-11-20 11:53:27,429 - kedro.io.data_catalog - INFO - Loading data from 'X' (PickleDataSet)...
2023-11-20 11:53:27,437 - kedro.io.data_catalog - INFO - Loading data from 'y' (PickleDataSet)...
2023-11-20 11:53:27,446 - kedro.io.data_catalog - INFO - Loading data from 'params:split' (MemoryDataset)...
2023-11-20 11:53:27,452 - kedro.pipeline.node - INFO - Running node: split_data([X,y,params:split]) -> [X_train,X_test,y_train,y_test]
2023-11-20 11:53:27,467 - kedro.io.data_catalog - INFO - Saving data to 'X_train' (PickleDataSet)...
2023-11-20 11:53:27,474 - kedro.io.data_catalog - INFO - Saving data to 'X_test' (PickleDataSet)...
2023-11-20 11:53:27,481 - kedro.io.data_catalog - INFO - Saving data to 'y_train' (PickleDataSet)...
2023-11-20 11:53:27,487 - kedro.io.data_catalog - INFO - Saving data to 'y_test' (PickleDataSet)...
2023-11-20 11:53:27,489 - kedro.runner.sequential_runner - INFO - Completed 2 out of 4 tasks
2023-11-20 11:53:27,493 - kedro.io.data_catalog - INFO - Loading data from 'X_train' (PickleDataSet)...
2023-11-20 11:53:27,497 - kedro.io.data_catalog - INFO - Loading data from 'y_train' (PickleDataSet)...
2023-11-20 11:53:27,510 - kedro.pipeline.node - INFO - Running node: train_model([X_train,y_train]) -> [model]
2023-11-20 11:53:27,537 - kedro.io.data_catalog - INFO - Saving data to 'model' (PickleDataSet)...
2023-11-20 11:53:27,540 - kedro.runner.sequential_runner - INFO - Completed 3 out of 4 tasks
2023-11-20 11:53:27,540 - kedro.io.data_catalog - INFO - Loading data from 'model' (PickleDataSet)...
2023-11-20 11:53:27,554 - kedro.io.data_catalog - INFO - Loading data from 'X_test' (PickleDataSet)...
2023-11-20 11:53:27,562 - kedro.io.data_catalog - INFO - Loading data from 'y_test' (PickleDataSet)...
2023-11-20 11:53:27,572 - kedro.pipeline.node - INFO - Running node: evaluate_model([model,X_test,y_test]) -> [accuracy,report]
2023-11-20 11:53:27,756 - kedro.io.data_catalog - INFO - Saving data to 'accuracy' (PickleDataSet)...
2023-11-20 11:53:27,764 - kedro.io.data_catalog - INFO - Saving data to 'report' (PickleDataSet)...
2023-11-20 11:53:27,780 - kedro.runner.sequential_runner - INFO - Completed 4 out of 4 tasks
2023-11-20 11:53:27,780 - kedro.runner.sequential_runner - INFO - Pipeline execution completed successfully.
2023-11-20 11:56:56,899 - kedro.framework.session.session - INFO - Kedro project iris-kedro-demo
2023-11-20 11:56:58,758 - kedro.io.data_catalog - INFO - Loading data from 'iris' (CSVDataSet)...
2023-11-20 11:56:58,787 - kedro.pipeline.node - INFO - Running node: preprocessing([iris]) -> [X,y]
2023-11-20 11:56:58,804 - kedro.io.data_catalog - INFO - Saving data to 'X' (PickleDataSet)...
2023-11-20 11:56:58,817 - kedro.io.data_catalog - INFO - Saving data to 'y' (PickleDataSet)...
2023-11-20 11:56:58,823 - kedro.runner.sequential_runner - INFO - Completed 1 out of 4 tasks
2023-11-20 11:56:58,823 - kedro.io.data_catalog - INFO - Loading data from 'X' (PickleDataSet)...
2023-11-20 11:56:58,829 - kedro.io.data_catalog - INFO - Loading data from 'y' (PickleDataSet)...
2023-11-20 11:56:58,837 - kedro.io.data_catalog - INFO - Loading data from 'params:split' (MemoryDataset)...
2023-11-20 11:56:58,845 - kedro.pipeline.node - INFO - Running node: split_data([X,y,params:split]) -> [X_train,X_test,y_train,y_test]
2023-11-20 11:56:58,865 - kedro.io.data_catalog - INFO - Saving data to 'X_train' (PickleDataSet)...
2023-11-20 11:56:58,870 - kedro.io.data_catalog - INFO - Saving data to 'X_test' (PickleDataSet)...
2023-11-20 11:56:58,879 - kedro.io.data_catalog - INFO - Saving data to 'y_train' (PickleDataSet)...
2023-11-20 11:56:58,882 - kedro.io.data_catalog - INFO - Saving data to 'y_test' (PickleDataSet)...
2023-11-20 11:56:58,889 - kedro.runner.sequential_runner - INFO - Completed 2 out of 4 tasks
2023-11-20 11:56:58,894 - kedro.io.data_catalog - INFO - Loading data from 'X_train' (PickleDataSet)...
2023-11-20 11:56:58,905 - kedro.io.data_catalog - INFO - Loading data from 'y_train' (PickleDataSet)...
2023-11-20 11:56:58,915 - kedro.pipeline.node - INFO - Running node: train_model([X_train,y_train]) -> [model]
2023-11-20 11:56:58,939 - kedro.io.data_catalog - INFO - Saving data to 'model' (PickleDataSet)...
2023-11-20 11:56:58,939 - kedro.runner.sequential_runner - INFO - Completed 3 out of 4 tasks
2023-11-20 11:56:58,946 - kedro.io.data_catalog - INFO - Loading data from 'model' (PickleDataSet)...
2023-11-20 11:56:58,946 - kedro.io.data_catalog - INFO - Loading data from 'X_test' (PickleDataSet)...
2023-11-20 11:56:58,955 - kedro.io.data_catalog - INFO - Loading data from 'y_test' (PickleDataSet)...
2023-11-20 11:56:58,962 - kedro.pipeline.node - INFO - Running node: evaluate_model([model,X_test,y_test]) -> [accuracy,report]
2023-11-20 11:56:58,971 - kedro.io.data_catalog - INFO - Saving data to 'accuracy' (MemoryDataset)...
2023-11-20 11:56:58,971 - kedro.io.data_catalog - INFO - Saving data to 'report' (MemoryDataset)...
2023-11-20 11:56:58,980 - kedro.runner.sequential_runner - INFO - Completed 4 out of 4 tasks
2023-11-20 11:56:58,980 - kedro.runner.sequential_runner - INFO - Pipeline execution completed successfully.
2023-11-20 11:56:58,980 - kedro.io.data_catalog - INFO - Loading data from 'accuracy' (MemoryDataset)...
2023-11-20 11:56:58,988 - kedro.io.data_catalog - INFO - Loading data from 'report' (MemoryDataset)...
2023-11-20 11:58:09,671 - kedro.framework.session.session - INFO - Kedro project iris-kedro-demo
2023-11-20 11:58:11,503 - kedro.io.data_catalog - INFO - Loading data from 'iris' (CSVDataSet)...
2023-11-20 11:58:11,533 - kedro.pipeline.node - INFO - Running node: preprocessing([iris]) -> [X,y]
2023-11-20 11:58:11,550 - kedro.io.data_catalog - INFO - Saving data to 'X' (PickleDataSet)...
2023-11-20 11:58:11,558 - kedro.io.data_catalog - INFO - Saving data to 'y' (PickleDataSet)...
2023-11-20 11:58:11,566 - kedro.runner.sequential_runner - INFO - Completed 1 out of 4 tasks
2023-11-20 11:58:11,570 - kedro.io.data_catalog - INFO - Loading data from 'X' (PickleDataSet)...
2023-11-20 11:58:11,575 - kedro.io.data_catalog - INFO - Loading data from 'y' (PickleDataSet)...
2023-11-20 11:58:11,583 - kedro.io.data_catalog - INFO - Loading data from 'params:split' (MemoryDataset)...
2023-11-20 11:58:11,589 - kedro.pipeline.node - INFO - Running node: split_data([X,y,params:split]) -> [X_train,X_test,y_train,y_test]
2023-11-20 11:58:11,605 - kedro.io.data_catalog - INFO - Saving data to 'X_train' (PickleDataSet)...
2023-11-20 11:58:11,611 - kedro.io.data_catalog - INFO - Saving data to 'X_test' (PickleDataSet)...
2023-11-20 11:58:11,616 - kedro.io.data_catalog - INFO - Saving data to 'y_train' (PickleDataSet)...
2023-11-20 11:58:11,625 - kedro.io.data_catalog - INFO - Saving data to 'y_test' (PickleDataSet)...
2023-11-20 11:58:11,630 - kedro.runner.sequential_runner - INFO - Completed 2 out of 4 tasks
2023-11-20 11:58:11,633 - kedro.io.data_catalog - INFO - Loading data from 'X_train' (PickleDataSet)...
2023-11-20 11:58:11,635 - kedro.io.data_catalog - INFO - Loading data from 'y_train' (PickleDataSet)...
2023-11-20 11:58:11,647 - kedro.pipeline.node - INFO - Running node: train_model([X_train,y_train]) -> [model]
2023-11-20 11:58:11,669 - kedro.io.data_catalog - INFO - Saving data to 'model' (MemoryDataset)...
2023-11-20 11:58:11,675 - kedro.runner.sequential_runner - INFO - Completed 3 out of 4 tasks
2023-11-20 11:58:11,675 - kedro.io.data_catalog - INFO - Loading data from 'model' (MemoryDataset)...
2023-11-20 11:58:11,680 - kedro.io.data_catalog - INFO - Loading data from 'X_test' (PickleDataSet)...
2023-11-20 11:58:11,683 - kedro.io.data_catalog - INFO - Loading data from 'y_test' (PickleDataSet)...
2023-11-20 11:58:11,688 - kedro.pipeline.node - INFO - Running node: evaluate_model([model,X_test,y_test]) -> [accuracy,report]
2023-11-20 11:58:11,699 - kedro.io.data_catalog - INFO - Saving data to 'accuracy' (MemoryDataset)...
2023-11-20 11:58:11,706 - kedro.io.data_catalog - INFO - Saving data to 'report' (MemoryDataset)...
2023-11-20 11:58:11,708 - kedro.runner.sequential_runner - INFO - Completed 4 out of 4 tasks
2023-11-20 11:58:11,708 - kedro.runner.sequential_runner - INFO - Pipeline execution completed successfully.
2023-11-20 11:58:11,714 - kedro.io.data_catalog - INFO - Loading data from 'report' (MemoryDataset)...
2023-11-20 11:58:11,716 - kedro.io.data_catalog - INFO - Loading data from 'accuracy' (MemoryDataset)...
2023-11-20 16:20:59,756 - kedro.framework.session.session - INFO - Kedro project iris-kedro-demo
2023-11-20 16:21:01,649 - kedro.io.data_catalog - INFO - Loading data from 'iris' (CSVDataSet)...
2023-11-20 16:21:01,673 - kedro.pipeline.node - INFO - Running node: preprocessing([iris]) -> [X,y]
2023-11-20 16:21:01,698 - kedro.io.data_catalog - INFO - Saving data to 'X' (PickleDataSet)...
2023-11-20 16:21:01,710 - kedro.io.data_catalog - INFO - Saving data to 'y' (PickleDataSet)...
2023-11-20 16:21:01,715 - kedro.runner.sequential_runner - INFO - Completed 1 out of 4 tasks
2023-11-20 16:21:01,715 - kedro.io.data_catalog - INFO - Loading data from 'X' (PickleDataSet)...
2023-11-20 16:21:01,721 - kedro.io.data_catalog - INFO - Loading data from 'y' (PickleDataSet)...
2023-11-20 16:21:01,735 - kedro.io.data_catalog - INFO - Loading data from 'params:split' (MemoryDataset)...
2023-11-20 16:21:01,743 - kedro.pipeline.node - INFO - Running node: split_data([X,y,params:split]) -> [X_train,X_test,y_train,y_test]
2023-11-20 16:21:01,764 - kedro.io.data_catalog - INFO - Saving data to 'X_train' (PickleDataSet)...
2023-11-20 16:21:01,772 - kedro.io.data_catalog - INFO - Saving data to 'X_test' (PickleDataSet)...
2023-11-20 16:21:01,773 - kedro.io.data_catalog - INFO - Saving data to 'y_train' (PickleDataSet)...
2023-11-20 16:21:01,779 - kedro.io.data_catalog - INFO - Saving data to 'y_test' (PickleDataSet)...
2023-11-20 16:21:01,788 - kedro.runner.sequential_runner - INFO - Completed 2 out of 4 tasks
2023-11-20 16:21:01,788 - kedro.io.data_catalog - INFO - Loading data from 'X_train' (PickleDataSet)...
2023-11-20 16:21:01,796 - kedro.io.data_catalog - INFO - Loading data from 'y_train' (PickleDataSet)...
2023-11-20 16:21:01,804 - kedro.pipeline.node - INFO - Running node: train_model([X_train,y_train]) -> [model]
2023-11-20 16:21:01,832 - kedro.io.data_catalog - INFO - Saving data to 'model' (PickleDataSet)...
2023-11-20 16:21:01,840 - kedro.runner.sequential_runner - INFO - Completed 3 out of 4 tasks
2023-11-20 16:21:01,840 - kedro.io.data_catalog - INFO - Loading data from 'model' (PickleDataSet)...
2023-11-20 16:21:01,851 - kedro.io.data_catalog - INFO - Loading data from 'X_test' (PickleDataSet)...
2023-11-20 16:21:01,855 - kedro.io.data_catalog - INFO - Loading data from 'y_test' (PickleDataSet)...
2023-11-20 16:21:01,860 - kedro.pipeline.node - INFO - Running node: evaluate_model([model,X_test,y_test]) -> [accuracy,report]
2023-11-20 16:21:09,675 - kedro.pipeline.node - ERROR - Node 'evaluate_model([model,X_test,y_test]) -> [accuracy,report]' failed with error: 
maximum recursion depth exceeded in comparison
2023-11-20 16:21:09,683 - kedro.runner.sequential_runner - WARNING - There are 1 nodes that have not run.
You can resume the pipeline run from the nearest nodes with persisted inputs by adding the following argument to your previous command:
  --from-nodes "evaluate_model([model,X_test,y_test]) -> [accuracy,report]"
2023-11-20 16:40:04,652 - kedro.framework.session.session - INFO - Kedro project iris-kedro-demo
2023-11-20 16:40:06,844 - kedro.io.data_catalog - INFO - Loading data from 'iris' (CSVDataSet)...
2023-11-20 16:40:06,863 - kedro.pipeline.node - INFO - Running node: preprocessing([iris]) -> [X,y]
2023-11-20 16:40:06,922 - kedro.io.data_catalog - INFO - Saving data to 'X' (PickleDataSet)...
2023-11-20 16:40:07,088 - kedro.io.data_catalog - INFO - Saving data to 'y' (PickleDataSet)...
2023-11-20 16:40:07,115 - kedro.runner.sequential_runner - INFO - Completed 1 out of 4 tasks
2023-11-20 16:40:07,121 - kedro.io.data_catalog - INFO - Loading data from 'X' (PickleDataSet)...
2023-11-20 16:40:07,129 - kedro.io.data_catalog - INFO - Loading data from 'y' (PickleDataSet)...
2023-11-20 16:40:07,137 - kedro.io.data_catalog - INFO - Loading data from 'params:split' (MemoryDataset)...
2023-11-20 16:40:07,146 - kedro.pipeline.node - INFO - Running node: split_data([X,y,params:split]) -> [X_train,X_test,y_train,y_test]
2023-11-20 16:40:07,162 - kedro.io.data_catalog - INFO - Saving data to 'X_train' (PickleDataSet)...
2023-11-20 16:40:07,170 - kedro.io.data_catalog - INFO - Saving data to 'X_test' (PickleDataSet)...
2023-11-20 16:40:07,177 - kedro.io.data_catalog - INFO - Saving data to 'y_train' (PickleDataSet)...
2023-11-20 16:40:07,179 - kedro.io.data_catalog - INFO - Saving data to 'y_test' (PickleDataSet)...
2023-11-20 16:40:07,187 - kedro.runner.sequential_runner - INFO - Completed 2 out of 4 tasks
2023-11-20 16:40:07,187 - kedro.io.data_catalog - INFO - Loading data from 'X_train' (PickleDataSet)...
2023-11-20 16:40:07,196 - kedro.io.data_catalog - INFO - Loading data from 'y_train' (PickleDataSet)...
2023-11-20 16:40:07,205 - kedro.pipeline.node - INFO - Running node: train_model([X_train,y_train]) -> [model]
2023-11-20 16:40:07,228 - kedro.io.data_catalog - INFO - Saving data to 'model' (PickleDataSet)...
2023-11-20 16:40:07,237 - kedro.runner.sequential_runner - INFO - Completed 3 out of 4 tasks
2023-11-20 16:40:07,237 - kedro.io.data_catalog - INFO - Loading data from 'model' (PickleDataSet)...
2023-11-20 16:40:07,246 - kedro.io.data_catalog - INFO - Loading data from 'X_test' (PickleDataSet)...
2023-11-20 16:40:07,246 - kedro.io.data_catalog - INFO - Loading data from 'y_test' (PickleDataSet)...
2023-11-20 16:40:07,254 - kedro.pipeline.node - INFO - Running node: evaluate_model([model,X_test,y_test]) -> [accuracy,report]
2023-11-20 16:40:07,269 - kedro.io.data_catalog - INFO - Saving data to 'accuracy' (PickleDataSet)...
2023-11-20 16:40:07,271 - kedro.io.data_catalog - INFO - Saving data to 'report' (PickleDataSet)...
2023-11-20 16:40:07,279 - kedro.runner.sequential_runner - INFO - Completed 4 out of 4 tasks
2023-11-20 16:40:07,279 - kedro.runner.sequential_runner - INFO - Pipeline execution completed successfully.
2023-11-20 17:00:52,950 - kedro.framework.session.session - INFO - Kedro project iris-kedro-demo
2023-11-20 17:02:12,426 - kedro.framework.session.session - INFO - Kedro project iris-kedro-demo
2023-11-20 17:02:14,381 - kedro.io.data_catalog - INFO - Loading data from 'iris' (CSVDataSet)...
2023-11-20 17:02:14,448 - kedro.pipeline.node - INFO - Running node: preprocessing([iris]) -> [X,y]
2023-11-20 17:02:14,461 - kedro.io.data_catalog - INFO - Saving data to 'X' (PickleDataSet)...
2023-11-20 17:02:14,479 - kedro.io.data_catalog - INFO - Saving data to 'y' (PickleDataSet)...
2023-11-20 17:02:14,488 - kedro.runner.sequential_runner - INFO - Completed 1 out of 4 tasks
2023-11-20 17:02:14,488 - kedro.io.data_catalog - INFO - Loading data from 'X' (PickleDataSet)...
2023-11-20 17:02:14,496 - kedro.io.data_catalog - INFO - Loading data from 'y' (PickleDataSet)...
2023-11-20 17:02:14,502 - kedro.io.data_catalog - INFO - Loading data from 'params:split' (MemoryDataset)...
2023-11-20 17:02:14,506 - kedro.pipeline.node - INFO - Running node: split_data([X,y,params:split]) -> [X_train,X_test,y_train,y_test]
2023-11-20 17:02:14,527 - kedro.io.data_catalog - INFO - Saving data to 'X_train' (PickleDataSet)...
2023-11-20 17:02:14,536 - kedro.io.data_catalog - INFO - Saving data to 'X_test' (PickleDataSet)...
2023-11-20 17:02:14,538 - kedro.io.data_catalog - INFO - Saving data to 'y_train' (PickleDataSet)...
2023-11-20 17:02:14,546 - kedro.io.data_catalog - INFO - Saving data to 'y_test' (PickleDataSet)...
2023-11-20 17:02:14,546 - kedro.runner.sequential_runner - INFO - Completed 2 out of 4 tasks
2023-11-20 17:02:14,552 - kedro.io.data_catalog - INFO - Loading data from 'X_train' (PickleDataSet)...
2023-11-20 17:02:14,563 - kedro.io.data_catalog - INFO - Loading data from 'y_train' (PickleDataSet)...
2023-11-20 17:02:14,571 - kedro.pipeline.node - INFO - Running node: train_model([X_train,y_train]) -> [model]
2023-11-20 17:02:14,643 - kedro.io.data_catalog - INFO - Saving data to 'model' (PickleDataSet)...
2023-11-20 17:02:14,643 - kedro.runner.sequential_runner - INFO - Completed 3 out of 4 tasks
2023-11-20 17:02:14,643 - kedro.io.data_catalog - INFO - Loading data from 'model' (PickleDataSet)...
2023-11-20 17:02:14,654 - kedro.io.data_catalog - INFO - Loading data from 'X_test' (PickleDataSet)...
2023-11-20 17:02:14,655 - kedro.io.data_catalog - INFO - Loading data from 'y_test' (PickleDataSet)...
2023-11-20 17:02:14,662 - kedro.pipeline.node - INFO - Running node: evaluate_model([model,X_test,y_test]) -> [accuracy,report]
2023-11-20 17:02:14,677 - kedro.io.data_catalog - INFO - Saving data to 'accuracy' (PickleDataSet)...
2023-11-20 17:02:14,679 - kedro.io.data_catalog - INFO - Saving data to 'report' (PickleDataSet)...
2023-11-20 17:02:14,679 - kedro.runner.sequential_runner - INFO - Completed 4 out of 4 tasks
2023-11-20 17:02:14,686 - kedro.runner.sequential_runner - INFO - Pipeline execution completed successfully.
2023-11-20 17:07:01,165 - kedro.framework.session.session - INFO - Kedro project iris-kedro-demo
2023-11-20 17:07:03,014 - kedro.io.data_catalog - INFO - Loading data from 'iris' (CSVDataSet)...
2023-11-20 17:07:03,029 - kedro.pipeline.node - INFO - Running node: preprocessing([iris]) -> [X,y]
2023-11-20 17:07:03,067 - kedro.io.data_catalog - INFO - Saving data to 'X' (PickleDataSet)...
2023-11-20 17:07:03,076 - kedro.io.data_catalog - INFO - Saving data to 'y' (PickleDataSet)...
2023-11-20 17:07:03,076 - kedro.runner.sequential_runner - INFO - Completed 1 out of 4 tasks
2023-11-20 17:07:03,084 - kedro.io.data_catalog - INFO - Loading data from 'X' (PickleDataSet)...
2023-11-20 17:07:03,090 - kedro.io.data_catalog - INFO - Loading data from 'y' (PickleDataSet)...
2023-11-20 17:07:03,092 - kedro.io.data_catalog - INFO - Loading data from 'params:split' (MemoryDataset)...
2023-11-20 17:07:03,100 - kedro.pipeline.node - INFO - Running node: split_data([X,y,params:split]) -> [X_train,X_test,y_train,y_test]
2023-11-20 17:07:03,117 - kedro.io.data_catalog - INFO - Saving data to 'X_train' (PickleDataSet)...
2023-11-20 17:07:03,123 - kedro.io.data_catalog - INFO - Saving data to 'X_test' (PickleDataSet)...
2023-11-20 17:07:03,125 - kedro.io.data_catalog - INFO - Saving data to 'y_train' (PickleDataSet)...
2023-11-20 17:07:03,133 - kedro.io.data_catalog - INFO - Saving data to 'y_test' (PickleDataSet)...
2023-11-20 17:07:03,134 - kedro.runner.sequential_runner - INFO - Completed 2 out of 4 tasks
2023-11-20 17:07:03,134 - kedro.io.data_catalog - INFO - Loading data from 'X_train' (PickleDataSet)...
2023-11-20 17:07:03,142 - kedro.io.data_catalog - INFO - Loading data from 'y_train' (PickleDataSet)...
2023-11-20 17:07:03,150 - kedro.pipeline.node - INFO - Running node: train_model([X_train,y_train]) -> [model]
2023-11-20 17:07:03,175 - kedro.io.data_catalog - INFO - Saving data to 'model' (PickleDataSet)...
2023-11-20 17:07:03,175 - kedro.runner.sequential_runner - INFO - Completed 3 out of 4 tasks
2023-11-20 17:07:03,182 - kedro.io.data_catalog - INFO - Loading data from 'model' (PickleDataSet)...
2023-11-20 17:07:03,184 - kedro.io.data_catalog - INFO - Loading data from 'X_test' (PickleDataSet)...
2023-11-20 17:07:03,190 - kedro.io.data_catalog - INFO - Loading data from 'y_test' (PickleDataSet)...
2023-11-20 17:07:03,192 - kedro.pipeline.node - INFO - Running node: evaluate_model([model,X_test,y_test]) -> [accuracy.csv,report.csv]
2023-11-20 17:07:03,206 - kedro.io.data_catalog - INFO - Saving data to 'accuracy.csv' (MemoryDataset)...
2023-11-20 17:07:03,208 - kedro.io.data_catalog - INFO - Saving data to 'report.csv' (MemoryDataset)...
2023-11-20 17:07:03,208 - kedro.runner.sequential_runner - INFO - Completed 4 out of 4 tasks
2023-11-20 17:07:03,208 - kedro.runner.sequential_runner - INFO - Pipeline execution completed successfully.
2023-11-20 17:07:03,208 - kedro.io.data_catalog - INFO - Loading data from 'accuracy.csv' (MemoryDataset)...
2023-11-20 17:07:03,217 - kedro.io.data_catalog - INFO - Loading data from 'report.csv' (MemoryDataset)...
2023-11-20 17:17:43,839 - kedro.framework.session.session - INFO - Kedro project iris-kedro-demo
2023-11-20 17:17:45,679 - kedro.io.data_catalog - INFO - Loading data from 'iris' (CSVDataSet)...
2023-11-20 17:17:45,707 - kedro.pipeline.node - INFO - Running node: preprocessing([iris]) -> [X,y]
2023-11-20 17:17:45,726 - kedro.io.data_catalog - INFO - Saving data to 'X' (PickleDataSet)...
2023-11-20 17:17:45,734 - kedro.io.data_catalog - INFO - Saving data to 'y' (PickleDataSet)...
2023-11-20 17:17:45,743 - kedro.runner.sequential_runner - INFO - Completed 1 out of 4 tasks
2023-11-20 17:17:45,743 - kedro.io.data_catalog - INFO - Loading data from 'X' (PickleDataSet)...
2023-11-20 17:17:45,751 - kedro.io.data_catalog - INFO - Loading data from 'y' (PickleDataSet)...
2023-11-20 17:17:45,751 - kedro.io.data_catalog - INFO - Loading data from 'params:split' (MemoryDataset)...
2023-11-20 17:17:45,767 - kedro.pipeline.node - INFO - Running node: split_data([X,y,params:split]) -> [X_train,X_test,y_train,y_test]
2023-11-20 17:17:45,784 - kedro.io.data_catalog - INFO - Saving data to 'X_train' (PickleDataSet)...
2023-11-20 17:17:45,791 - kedro.io.data_catalog - INFO - Saving data to 'X_test' (PickleDataSet)...
2023-11-20 17:17:45,793 - kedro.io.data_catalog - INFO - Saving data to 'y_train' (PickleDataSet)...
2023-11-20 17:17:45,801 - kedro.io.data_catalog - INFO - Saving data to 'y_test' (PickleDataSet)...
2023-11-20 17:17:45,801 - kedro.runner.sequential_runner - INFO - Completed 2 out of 4 tasks
2023-11-20 17:17:45,801 - kedro.io.data_catalog - INFO - Loading data from 'X_train' (PickleDataSet)...
2023-11-20 17:17:45,818 - kedro.io.data_catalog - INFO - Loading data from 'y_train' (PickleDataSet)...
2023-11-20 17:17:45,826 - kedro.pipeline.node - INFO - Running node: train_model([X_train,y_train]) -> [model]
2023-11-20 17:17:45,851 - kedro.io.data_catalog - INFO - Saving data to 'model' (PickleDataSet)...
2023-11-20 17:17:45,851 - kedro.runner.sequential_runner - INFO - Completed 3 out of 4 tasks
2023-11-20 17:17:45,858 - kedro.io.data_catalog - INFO - Loading data from 'model' (PickleDataSet)...
2023-11-20 17:17:45,859 - kedro.io.data_catalog - INFO - Loading data from 'X_test' (PickleDataSet)...
2023-11-20 17:17:45,866 - kedro.io.data_catalog - INFO - Loading data from 'y_test' (PickleDataSet)...
2023-11-20 17:17:45,868 - kedro.pipeline.node - INFO - Running node: evaluate_model([model,X_test,y_test]) -> [accuracy,report]
2023-11-20 17:17:45,876 - kedro.io.data_catalog - INFO - Saving data to 'accuracy' (PickleDataSet)...
2023-11-20 17:17:45,884 - kedro.io.data_catalog - INFO - Saving data to 'report' (PickleDataSet)...
2023-11-20 17:17:45,884 - kedro.runner.sequential_runner - INFO - Completed 4 out of 4 tasks
2023-11-20 17:17:45,891 - kedro.runner.sequential_runner - INFO - Pipeline execution completed successfully.
2023-11-21 10:00:46,020 - kedro.framework.session.session - INFO - Kedro project iris-kedro-demo
2023-11-21 10:00:51,607 - kedro.io.data_catalog - INFO - Loading data from 'iris' (CSVDataSet)...
2023-11-21 10:00:51,664 - kedro.pipeline.node - INFO - Running node: preprocessing([iris]) -> [X,y]
2023-11-21 10:00:51,709 - kedro.io.data_catalog - INFO - Saving data to 'X' (PickleDataSet)...
2023-11-21 10:00:51,715 - kedro.io.data_catalog - INFO - Saving data to 'y' (PickleDataSet)...
2023-11-21 10:00:51,724 - kedro.runner.sequential_runner - INFO - Completed 1 out of 4 tasks
2023-11-21 10:00:51,724 - kedro.io.data_catalog - INFO - Loading data from 'X' (PickleDataSet)...
2023-11-21 10:00:51,732 - kedro.io.data_catalog - INFO - Loading data from 'y' (PickleDataSet)...
2023-11-21 10:00:51,748 - kedro.io.data_catalog - INFO - Loading data from 'params:split' (MemoryDataset)...
2023-11-21 10:00:51,758 - kedro.pipeline.node - INFO - Running node: split_data([X,y,params:split]) -> [X_train,X_test,y_train,y_test]
2023-11-21 10:00:51,774 - kedro.io.data_catalog - INFO - Saving data to 'X_train' (PickleDataSet)...
2023-11-21 10:00:51,782 - kedro.io.data_catalog - INFO - Saving data to 'X_test' (PickleDataSet)...
2023-11-21 10:00:51,791 - kedro.io.data_catalog - INFO - Saving data to 'y_train' (PickleDataSet)...
2023-11-21 10:00:51,791 - kedro.io.data_catalog - INFO - Saving data to 'y_test' (PickleDataSet)...
2023-11-21 10:00:51,799 - kedro.runner.sequential_runner - INFO - Completed 2 out of 4 tasks
2023-11-21 10:00:51,799 - kedro.io.data_catalog - INFO - Loading data from 'X_train' (PickleDataSet)...
2023-11-21 10:00:51,816 - kedro.io.data_catalog - INFO - Loading data from 'y_train' (PickleDataSet)...
2023-11-21 10:00:51,832 - kedro.pipeline.node - INFO - Running node: train_model([X_train,y_train]) -> [model]
2023-11-21 10:00:51,937 - kedro.io.data_catalog - INFO - Saving data to 'model' (PickleDataSet)...
2023-11-21 10:00:51,937 - kedro.runner.sequential_runner - INFO - Completed 3 out of 4 tasks
2023-11-21 10:00:51,937 - kedro.io.data_catalog - INFO - Loading data from 'model' (PickleDataSet)...
2023-11-21 10:00:51,950 - kedro.io.data_catalog - INFO - Loading data from 'X_test' (PickleDataSet)...
2023-11-21 10:00:51,957 - kedro.io.data_catalog - INFO - Loading data from 'y_test' (PickleDataSet)...
2023-11-21 10:00:51,967 - kedro.pipeline.node - INFO - Running node: evaluate_model([model,X_test,y_test]) -> [accuracy,report]
2023-11-21 10:00:51,983 - kedro.io.data_catalog - INFO - Saving data to 'accuracy' (PickleDataSet)...
2023-11-21 10:00:51,992 - kedro.io.data_catalog - INFO - Saving data to 'report' (PickleDataSet)...
2023-11-21 10:00:51,992 - kedro.runner.sequential_runner - INFO - Completed 4 out of 4 tasks
2023-11-21 10:00:52,000 - kedro.runner.sequential_runner - INFO - Pipeline execution completed successfully.
2023-11-22 11:38:20,480 - kedro.framework.session.session - INFO - Kedro project iris-kedro-demo
2023-11-22 11:38:23,040 - kedro.io.data_catalog - INFO - Loading data from 'iris' (CSVDataSet)...
2023-11-22 11:38:23,072 - kedro.pipeline.node - INFO - Running node: preprocessing([iris]) -> [X,y]
2023-11-22 11:38:23,094 - kedro.io.data_catalog - INFO - Saving data to 'X' (PickleDataSet)...
2023-11-22 11:38:23,099 - kedro.io.data_catalog - INFO - Saving data to 'y' (PickleDataSet)...
2023-11-22 11:38:23,105 - kedro.runner.sequential_runner - INFO - Completed 1 out of 4 tasks
2023-11-22 11:38:23,105 - kedro.io.data_catalog - INFO - Loading data from 'X' (PickleDataSet)...
2023-11-22 11:38:23,122 - kedro.io.data_catalog - INFO - Loading data from 'y' (PickleDataSet)...
2023-11-22 11:38:23,130 - kedro.io.data_catalog - INFO - Loading data from 'params:split' (MemoryDataset)...
2023-11-22 11:38:23,138 - kedro.pipeline.node - INFO - Running node: split_data([X,y,params:split]) -> [X_train,X_test,y_train,y_test]
2023-11-22 11:38:23,156 - kedro.io.data_catalog - INFO - Saving data to 'X_train' (PickleDataSet)...
2023-11-22 11:38:23,163 - kedro.io.data_catalog - INFO - Saving data to 'X_test' (PickleDataSet)...
2023-11-22 11:38:23,163 - kedro.io.data_catalog - INFO - Saving data to 'y_train' (PickleDataSet)...
2023-11-22 11:38:23,171 - kedro.io.data_catalog - INFO - Saving data to 'y_test' (PickleDataSet)...
2023-11-22 11:38:23,171 - kedro.runner.sequential_runner - INFO - Completed 2 out of 4 tasks
2023-11-22 11:38:23,180 - kedro.io.data_catalog - INFO - Loading data from 'X_train' (PickleDataSet)...
2023-11-22 11:38:23,188 - kedro.io.data_catalog - INFO - Loading data from 'y_train' (PickleDataSet)...
2023-11-22 11:38:23,205 - kedro.pipeline.node - INFO - Running node: train_model([X_train,y_train]) -> [model]
2023-11-22 11:38:23,246 - kedro.io.data_catalog - INFO - Saving data to 'model' (PickleDataSet)...
2023-11-22 11:38:23,252 - kedro.runner.sequential_runner - INFO - Completed 3 out of 4 tasks
2023-11-22 11:38:23,252 - kedro.io.data_catalog - INFO - Loading data from 'model' (PickleDataSet)...
2023-11-22 11:38:23,263 - kedro.io.data_catalog - INFO - Loading data from 'X_test' (PickleDataSet)...
2023-11-22 11:38:23,271 - kedro.io.data_catalog - INFO - Loading data from 'y_test' (PickleDataSet)...
2023-11-22 11:38:23,281 - kedro.pipeline.node - INFO - Running node: evaluate_model([model,X_test,y_test]) -> [accuracy,report]
2023-11-22 11:38:23,289 - kedro.io.data_catalog - INFO - Saving data to 'accuracy' (PickleDataSet)...
2023-11-22 11:38:23,293 - kedro.io.data_catalog - INFO - Saving data to 'report' (PickleDataSet)...
2023-11-22 11:38:23,299 - kedro.runner.sequential_runner - INFO - Completed 4 out of 4 tasks
2023-11-22 11:38:23,299 - kedro.runner.sequential_runner - INFO - Pipeline execution completed successfully.
2023-11-22 11:52:32,856 - kedro.framework.session.session - INFO - Kedro project iris-kedro-demo
2023-11-22 11:52:34,655 - kedro.io.data_catalog - INFO - Loading data from 'iris' (CSVDataSet)...
2023-11-22 11:52:34,682 - kedro.pipeline.node - INFO - Running node: preprocessing([iris]) -> [X,y]
2023-11-22 11:52:34,711 - kedro.io.data_catalog - INFO - Saving data to 'X' (PickleDataSet)...
2023-11-22 11:52:34,716 - kedro.io.data_catalog - INFO - Saving data to 'y' (PickleDataSet)...
2023-11-22 11:52:34,724 - kedro.runner.sequential_runner - INFO - Completed 1 out of 4 tasks
2023-11-22 11:52:34,724 - kedro.io.data_catalog - INFO - Loading data from 'X' (PickleDataSet)...
2023-11-22 11:52:34,736 - kedro.io.data_catalog - INFO - Loading data from 'y' (PickleDataSet)...
2023-11-22 11:52:34,741 - kedro.io.data_catalog - INFO - Loading data from 'params:split' (MemoryDataset)...
2023-11-22 11:52:34,752 - kedro.pipeline.node - INFO - Running node: split_data([X,y,params:split]) -> [X_train,X_test,y_train,y_test]
2023-11-22 11:52:34,774 - kedro.io.data_catalog - INFO - Saving data to 'X_train' (PickleDataSet)...
2023-11-22 11:52:34,788 - kedro.io.data_catalog - INFO - Saving data to 'X_test' (PickleDataSet)...
2023-11-22 11:52:34,794 - kedro.io.data_catalog - INFO - Saving data to 'y_train' (PickleDataSet)...
2023-11-22 11:52:34,798 - kedro.io.data_catalog - INFO - Saving data to 'y_test' (PickleDataSet)...
2023-11-22 11:52:34,806 - kedro.runner.sequential_runner - INFO - Completed 2 out of 4 tasks
2023-11-22 11:52:34,806 - kedro.io.data_catalog - INFO - Loading data from 'X_train' (PickleDataSet)...
2023-11-22 11:52:34,818 - kedro.io.data_catalog - INFO - Loading data from 'y_train' (PickleDataSet)...
2023-11-22 11:52:34,827 - kedro.pipeline.node - INFO - Running node: train_model([X_train,y_train]) -> [model]
2023-11-22 11:52:34,848 - kedro.io.data_catalog - INFO - Saving data to 'model' (PickleDataSet)...
2023-11-22 11:52:34,855 - kedro.runner.sequential_runner - INFO - Completed 3 out of 4 tasks
2023-11-22 11:52:34,856 - kedro.io.data_catalog - INFO - Loading data from 'model' (PickleDataSet)...
2023-11-22 11:52:34,865 - kedro.io.data_catalog - INFO - Loading data from 'X_test' (PickleDataSet)...
2023-11-22 11:52:34,873 - kedro.io.data_catalog - INFO - Loading data from 'y_test' (PickleDataSet)...
2023-11-22 11:52:34,879 - kedro.pipeline.node - INFO - Running node: evaluate_model([model,X_test,y_test]) -> [accuracy,report]
2023-11-22 11:52:34,890 - kedro.io.data_catalog - INFO - Saving data to 'accuracy' (MemoryDataset)...
2023-11-22 11:52:34,893 - kedro.io.data_catalog - INFO - Saving data to 'report' (MemoryDataset)...
2023-11-22 11:52:34,896 - kedro.runner.sequential_runner - INFO - Completed 4 out of 4 tasks
2023-11-22 11:52:34,898 - kedro.runner.sequential_runner - INFO - Pipeline execution completed successfully.
2023-11-22 11:52:34,901 - kedro.io.data_catalog - INFO - Loading data from 'report' (MemoryDataset)...
2023-11-22 11:52:34,901 - kedro.io.data_catalog - INFO - Loading data from 'accuracy' (MemoryDataset)...
2023-11-22 11:59:43,616 - kedro.framework.session.session - INFO - Kedro project iris-kedro-demo
2023-11-22 11:59:45,405 - kedro.io.data_catalog - INFO - Loading data from 'iris' (CSVDataSet)...
2023-11-22 11:59:45,421 - kedro.pipeline.node - INFO - Running node: preprocessing([iris]) -> [X,y]
2023-11-22 11:59:45,457 - kedro.io.data_catalog - INFO - Saving data to 'X' (PickleDataSet)...
2023-11-22 11:59:45,465 - kedro.io.data_catalog - INFO - Saving data to 'y' (PickleDataSet)...
2023-11-22 11:59:45,470 - kedro.runner.sequential_runner - INFO - Completed 1 out of 4 tasks
2023-11-22 11:59:45,474 - kedro.io.data_catalog - INFO - Loading data from 'X' (PickleDataSet)...
2023-11-22 11:59:45,484 - kedro.io.data_catalog - INFO - Loading data from 'y' (PickleDataSet)...
2023-11-22 11:59:45,490 - kedro.io.data_catalog - INFO - Loading data from 'params:split' (MemoryDataset)...
2023-11-22 11:59:45,495 - kedro.pipeline.node - INFO - Running node: split_data([X,y,params:split]) -> [X_train,X_test,y_train,y_test]
2023-11-22 11:59:45,509 - kedro.io.data_catalog - INFO - Saving data to 'X_train' (PickleDataSet)...
2023-11-22 11:59:45,518 - kedro.io.data_catalog - INFO - Saving data to 'X_test' (PickleDataSet)...
2023-11-22 11:59:45,524 - kedro.io.data_catalog - INFO - Saving data to 'y_train' (PickleDataSet)...
2023-11-22 11:59:45,532 - kedro.io.data_catalog - INFO - Saving data to 'y_test' (PickleDataSet)...
2023-11-22 11:59:45,537 - kedro.runner.sequential_runner - INFO - Completed 2 out of 4 tasks
2023-11-22 11:59:45,537 - kedro.io.data_catalog - INFO - Loading data from 'X_train' (PickleDataSet)...
2023-11-22 11:59:45,551 - kedro.io.data_catalog - INFO - Loading data from 'y_train' (PickleDataSet)...
2023-11-22 11:59:45,565 - kedro.pipeline.node - INFO - Running node: train_model([X_train,y_train]) -> [model]
2023-11-22 11:59:45,584 - kedro.io.data_catalog - INFO - Saving data to 'model' (PickleDataSet)...
2023-11-22 11:59:45,594 - kedro.runner.sequential_runner - INFO - Completed 3 out of 4 tasks
2023-11-22 11:59:45,594 - kedro.io.data_catalog - INFO - Loading data from 'model' (PickleDataSet)...
2023-11-22 11:59:45,601 - kedro.io.data_catalog - INFO - Loading data from 'X_test' (PickleDataSet)...
2023-11-22 11:59:45,777 - kedro.io.data_catalog - INFO - Loading data from 'y_test' (PickleDataSet)...
2023-11-22 11:59:45,817 - kedro.pipeline.node - INFO - Running node: evaluate_model([model,X_test,y_test]) -> [accuracy,report]
2023-11-22 11:59:45,841 - kedro.io.data_catalog - INFO - Saving data to 'accuracy' (PickleDataSet)...
2023-11-22 11:59:45,849 - kedro.io.data_catalog - INFO - Saving data to 'report' (PickleDataSet)...
2023-11-22 11:59:45,856 - kedro.runner.sequential_runner - INFO - Completed 4 out of 4 tasks
2023-11-22 11:59:45,857 - kedro.runner.sequential_runner - INFO - Pipeline execution completed successfully.
2023-11-22 12:00:12,768 - kedro.framework.session.session - INFO - Kedro project iris-kedro-demo
2023-11-22 12:00:14,591 - kedro.io.data_catalog - INFO - Loading data from 'iris' (CSVDataSet)...
2023-11-22 12:00:14,615 - kedro.pipeline.node - INFO - Running node: preprocessing([iris]) -> [X,y]
2023-11-22 12:00:14,633 - kedro.io.data_catalog - INFO - Saving data to 'X' (PickleDataSet)...
2023-11-22 12:00:14,643 - kedro.io.data_catalog - INFO - Saving data to 'y' (PickleDataSet)...
2023-11-22 12:00:14,649 - kedro.runner.sequential_runner - INFO - Completed 1 out of 4 tasks
2023-11-22 12:00:14,649 - kedro.io.data_catalog - INFO - Loading data from 'X' (PickleDataSet)...
2023-11-22 12:00:14,660 - kedro.io.data_catalog - INFO - Loading data from 'y' (PickleDataSet)...
2023-11-22 12:00:14,664 - kedro.io.data_catalog - INFO - Loading data from 'params:split' (MemoryDataset)...
2023-11-22 12:00:14,673 - kedro.pipeline.node - INFO - Running node: split_data([X,y,params:split]) -> [X_train,X_test,y_train,y_test]
2023-11-22 12:00:14,689 - kedro.io.data_catalog - INFO - Saving data to 'X_train' (PickleDataSet)...
2023-11-22 12:00:14,698 - kedro.io.data_catalog - INFO - Saving data to 'X_test' (PickleDataSet)...
2023-11-22 12:00:14,699 - kedro.io.data_catalog - INFO - Saving data to 'y_train' (PickleDataSet)...
2023-11-22 12:00:14,706 - kedro.io.data_catalog - INFO - Saving data to 'y_test' (PickleDataSet)...
2023-11-22 12:00:14,713 - kedro.runner.sequential_runner - INFO - Completed 2 out of 4 tasks
2023-11-22 12:00:14,714 - kedro.io.data_catalog - INFO - Loading data from 'X_train' (PickleDataSet)...
2023-11-22 12:00:14,727 - kedro.io.data_catalog - INFO - Loading data from 'y_train' (PickleDataSet)...
2023-11-22 12:00:14,920 - kedro.pipeline.node - INFO - Running node: train_model([X_train,y_train]) -> [model]
2023-11-22 12:00:14,974 - kedro.io.data_catalog - INFO - Saving data to 'model' (PickleDataSet)...
2023-11-22 12:00:14,974 - kedro.runner.sequential_runner - INFO - Completed 3 out of 4 tasks
2023-11-22 12:00:14,982 - kedro.io.data_catalog - INFO - Loading data from 'model' (PickleDataSet)...
2023-11-22 12:00:14,988 - kedro.io.data_catalog - INFO - Loading data from 'X_test' (PickleDataSet)...
2023-11-22 12:00:14,996 - kedro.io.data_catalog - INFO - Loading data from 'y_test' (PickleDataSet)...
2023-11-22 12:00:15,009 - kedro.pipeline.node - INFO - Running node: evaluate_model([model,X_test,y_test]) -> [accuracy,report]
2023-11-22 12:00:15,021 - kedro.io.data_catalog - INFO - Saving data to 'accuracy' (PickleDataSet)...
2023-11-22 12:00:15,024 - kedro.io.data_catalog - INFO - Saving data to 'report' (PickleDataSet)...
2023-11-22 12:00:15,031 - kedro.runner.sequential_runner - INFO - Completed 4 out of 4 tasks
2023-11-22 12:00:15,031 - kedro.runner.sequential_runner - INFO - Pipeline execution completed successfully.
2023-11-22 12:00:43,358 - kedro.framework.session.session - INFO - Kedro project iris-kedro-demo
2023-11-22 12:00:45,022 - kedro.io.data_catalog - INFO - Loading data from 'iris' (CSVDataSet)...
2023-11-22 12:00:45,044 - kedro.pipeline.node - INFO - Running node: preprocessing([iris]) -> [X,y]
2023-11-22 12:00:45,068 - kedro.io.data_catalog - INFO - Saving data to 'X' (PickleDataSet)...
2023-11-22 12:00:45,076 - kedro.io.data_catalog - INFO - Saving data to 'y' (PickleDataSet)...
2023-11-22 12:00:45,081 - kedro.runner.sequential_runner - INFO - Completed 1 out of 4 tasks
2023-11-22 12:00:45,081 - kedro.io.data_catalog - INFO - Loading data from 'X' (PickleDataSet)...
2023-11-22 12:00:45,087 - kedro.io.data_catalog - INFO - Loading data from 'y' (PickleDataSet)...
2023-11-22 12:00:45,093 - kedro.io.data_catalog - INFO - Loading data from 'params:split' (MemoryDataset)...
2023-11-22 12:00:45,101 - kedro.pipeline.node - INFO - Running node: split_data([X,y,params:split]) -> [X_train,X_test,y_train,y_test]
2023-11-22 12:00:45,106 - kedro.pipeline.node - ERROR - Node 'split_data([X,y,params:split]) -> [X_train,X_test,y_train,y_test]' failed with error: 
test_size=150 should be either positive and smaller than the number of samples 150 or a float in the (0, 1) range
2023-11-22 12:00:45,116 - kedro.runner.sequential_runner - WARNING - There are 3 nodes that have not run.
You can resume the pipeline run from the nearest nodes with persisted inputs by adding the following argument to your previous command:
  --from-nodes "preprocessing([iris]) -> [X,y]"
2023-11-22 12:01:09,921 - kedro.framework.session.session - INFO - Kedro project iris-kedro-demo
2023-11-22 12:01:11,773 - kedro.io.data_catalog - INFO - Loading data from 'iris' (CSVDataSet)...
2023-11-22 12:01:11,804 - kedro.pipeline.node - INFO - Running node: preprocessing([iris]) -> [X,y]
2023-11-22 12:01:11,823 - kedro.io.data_catalog - INFO - Saving data to 'X' (PickleDataSet)...
2023-11-22 12:01:11,829 - kedro.io.data_catalog - INFO - Saving data to 'y' (PickleDataSet)...
2023-11-22 12:01:11,837 - kedro.runner.sequential_runner - INFO - Completed 1 out of 4 tasks
2023-11-22 12:01:11,840 - kedro.io.data_catalog - INFO - Loading data from 'X' (PickleDataSet)...
2023-11-22 12:01:11,845 - kedro.io.data_catalog - INFO - Loading data from 'y' (PickleDataSet)...
2023-11-22 12:01:11,850 - kedro.io.data_catalog - INFO - Loading data from 'params:split' (MemoryDataset)...
2023-11-22 12:01:11,859 - kedro.pipeline.node - INFO - Running node: split_data([X,y,params:split]) -> [X_train,X_test,y_train,y_test]
2023-11-22 12:01:11,874 - kedro.io.data_catalog - INFO - Saving data to 'X_train' (PickleDataSet)...
2023-11-22 12:01:11,885 - kedro.io.data_catalog - INFO - Saving data to 'X_test' (PickleDataSet)...
2023-11-22 12:01:11,893 - kedro.io.data_catalog - INFO - Saving data to 'y_train' (PickleDataSet)...
2023-11-22 12:01:11,895 - kedro.io.data_catalog - INFO - Saving data to 'y_test' (PickleDataSet)...
2023-11-22 12:01:11,905 - kedro.runner.sequential_runner - INFO - Completed 2 out of 4 tasks
2023-11-22 12:01:11,909 - kedro.io.data_catalog - INFO - Loading data from 'X_train' (PickleDataSet)...
2023-11-22 12:01:11,917 - kedro.io.data_catalog - INFO - Loading data from 'y_train' (PickleDataSet)...
2023-11-22 12:01:11,928 - kedro.pipeline.node - INFO - Running node: train_model([X_train,y_train]) -> [model]
2023-11-22 12:01:11,956 - kedro.io.data_catalog - INFO - Saving data to 'model' (PickleDataSet)...
2023-11-22 12:01:11,956 - kedro.runner.sequential_runner - INFO - Completed 3 out of 4 tasks
2023-11-22 12:01:11,962 - kedro.io.data_catalog - INFO - Loading data from 'model' (PickleDataSet)...
2023-11-22 12:01:11,970 - kedro.io.data_catalog - INFO - Loading data from 'X_test' (PickleDataSet)...
2023-11-22 12:01:11,978 - kedro.io.data_catalog - INFO - Loading data from 'y_test' (PickleDataSet)...
2023-11-22 12:01:11,995 - kedro.pipeline.node - INFO - Running node: evaluate_model([model,X_test,y_test]) -> [accuracy,report]
2023-11-22 12:01:12,012 - kedro.io.data_catalog - INFO - Saving data to 'accuracy' (PickleDataSet)...
2023-11-22 12:01:12,016 - kedro.io.data_catalog - INFO - Saving data to 'report' (PickleDataSet)...
2023-11-22 12:01:12,020 - kedro.runner.sequential_runner - INFO - Completed 4 out of 4 tasks
2023-11-22 12:01:12,020 - kedro.runner.sequential_runner - INFO - Pipeline execution completed successfully.
2023-11-22 12:02:05,405 - kedro.framework.session.session - INFO - Kedro project iris-kedro-demo
2023-11-22 12:02:07,187 - kedro.io.data_catalog - INFO - Loading data from 'iris' (CSVDataSet)...
2023-11-22 12:02:07,214 - kedro.pipeline.node - INFO - Running node: preprocessing([iris]) -> [X,y]
2023-11-22 12:02:07,231 - kedro.io.data_catalog - INFO - Saving data to 'X' (PickleDataSet)...
2023-11-22 12:02:07,240 - kedro.io.data_catalog - INFO - Saving data to 'y' (PickleDataSet)...
2023-11-22 12:02:07,248 - kedro.runner.sequential_runner - INFO - Completed 1 out of 4 tasks
2023-11-22 12:02:07,248 - kedro.io.data_catalog - INFO - Loading data from 'X' (PickleDataSet)...
2023-11-22 12:02:07,257 - kedro.io.data_catalog - INFO - Loading data from 'y' (PickleDataSet)...
2023-11-22 12:02:07,265 - kedro.io.data_catalog - INFO - Loading data from 'params:split' (MemoryDataset)...
2023-11-22 12:02:07,273 - kedro.pipeline.node - INFO - Running node: split_data([X,y,params:split]) -> [X_train,X_test,y_train,y_test]
2023-11-22 12:02:07,289 - kedro.io.data_catalog - INFO - Saving data to 'X_train' (PickleDataSet)...
2023-11-22 12:02:07,297 - kedro.io.data_catalog - INFO - Saving data to 'X_test' (PickleDataSet)...
2023-11-22 12:02:07,298 - kedro.io.data_catalog - INFO - Saving data to 'y_train' (PickleDataSet)...
2023-11-22 12:02:07,306 - kedro.io.data_catalog - INFO - Saving data to 'y_test' (PickleDataSet)...
2023-11-22 12:02:07,311 - kedro.runner.sequential_runner - INFO - Completed 2 out of 4 tasks
2023-11-22 12:02:07,315 - kedro.io.data_catalog - INFO - Loading data from 'X_train' (PickleDataSet)...
2023-11-22 12:02:07,323 - kedro.io.data_catalog - INFO - Loading data from 'y_train' (PickleDataSet)...
2023-11-22 12:02:07,340 - kedro.pipeline.node - INFO - Running node: train_model([X_train,y_train]) -> [model]
2023-11-22 12:02:07,365 - kedro.io.data_catalog - INFO - Saving data to 'model' (PickleDataSet)...
2023-11-22 12:02:07,373 - kedro.runner.sequential_runner - INFO - Completed 3 out of 4 tasks
2023-11-22 12:02:07,373 - kedro.io.data_catalog - INFO - Loading data from 'model' (PickleDataSet)...
2023-11-22 12:02:07,381 - kedro.io.data_catalog - INFO - Loading data from 'X_test' (PickleDataSet)...
2023-11-22 12:02:07,574 - kedro.io.data_catalog - INFO - Loading data from 'y_test' (PickleDataSet)...
2023-11-22 12:02:07,611 - kedro.pipeline.node - INFO - Running node: evaluate_model([model,X_test,y_test]) -> [accuracy,report]
2023-11-22 12:02:07,631 - kedro.io.data_catalog - INFO - Saving data to 'accuracy' (PickleDataSet)...
2023-11-22 12:02:07,631 - kedro.io.data_catalog - INFO - Saving data to 'report' (PickleDataSet)...
2023-11-22 12:02:07,638 - kedro.runner.sequential_runner - INFO - Completed 4 out of 4 tasks
2023-11-22 12:02:07,643 - kedro.runner.sequential_runner - INFO - Pipeline execution completed successfully.
2023-11-23 15:59:56,497 - kedro.framework.session.session - INFO - Kedro project iris-kedro-demo
2023-11-23 16:00:00,606 - kedro.io.data_catalog - INFO - Loading data from 'iris' (CSVDataSet)...
2023-11-23 16:00:00,663 - kedro.pipeline.node - INFO - Running node: preprocessing([iris]) -> [X,y]
2023-11-23 16:00:00,687 - kedro.io.data_catalog - INFO - Saving data to 'X' (PickleDataSet)...
2023-11-23 16:00:00,697 - kedro.io.data_catalog - INFO - Saving data to 'y' (PickleDataSet)...
2023-11-23 16:00:00,703 - kedro.runner.sequential_runner - INFO - Completed 1 out of 4 tasks
2023-11-23 16:00:00,712 - kedro.io.data_catalog - INFO - Loading data from 'X' (PickleDataSet)...
2023-11-23 16:00:00,726 - kedro.io.data_catalog - INFO - Loading data from 'y' (PickleDataSet)...
2023-11-23 16:00:00,728 - kedro.io.data_catalog - INFO - Loading data from 'params:split' (MemoryDataset)...
2023-11-23 16:00:00,745 - kedro.pipeline.node - INFO - Running node: split_data([X,y,params:split]) -> [X_train,X_test,y_train,y_test]
2023-11-23 16:00:00,769 - kedro.io.data_catalog - INFO - Saving data to 'X_train' (PickleDataSet)...
2023-11-23 16:00:00,778 - kedro.io.data_catalog - INFO - Saving data to 'X_test' (PickleDataSet)...
2023-11-23 16:00:00,790 - kedro.io.data_catalog - INFO - Saving data to 'y_train' (PickleDataSet)...
2023-11-23 16:00:00,795 - kedro.io.data_catalog - INFO - Saving data to 'y_test' (PickleDataSet)...
2023-11-23 16:00:00,803 - kedro.runner.sequential_runner - INFO - Completed 2 out of 4 tasks
2023-11-23 16:00:00,806 - kedro.io.data_catalog - INFO - Loading data from 'X_train' (PickleDataSet)...
2023-11-23 16:00:00,817 - kedro.io.data_catalog - INFO - Loading data from 'y_train' (PickleDataSet)...
2023-11-23 16:00:00,828 - kedro.pipeline.node - INFO - Running node: train_model([X_train,y_train]) -> [model]
2023-11-23 16:00:00,903 - kedro.io.data_catalog - INFO - Saving data to 'model' (PickleDataSet)...
2023-11-23 16:00:00,903 - kedro.runner.sequential_runner - INFO - Completed 3 out of 4 tasks
2023-11-23 16:00:00,911 - kedro.io.data_catalog - INFO - Loading data from 'model' (PickleDataSet)...
2023-11-23 16:00:00,919 - kedro.io.data_catalog - INFO - Loading data from 'X_test' (PickleDataSet)...
2023-11-23 16:00:00,928 - kedro.io.data_catalog - INFO - Loading data from 'y_test' (PickleDataSet)...
2023-11-23 16:00:00,947 - kedro.pipeline.node - INFO - Running node: evaluate_model([model,X_test,y_test]) -> [accuracy,report]
2023-11-23 16:00:00,965 - kedro.io.data_catalog - INFO - Saving data to 'accuracy' (PickleDataSet)...
2023-11-23 16:00:00,969 - kedro.io.data_catalog - INFO - Saving data to 'report' (PickleDataSet)...
2023-11-23 16:00:00,974 - kedro.runner.sequential_runner - INFO - Completed 4 out of 4 tasks
2023-11-23 16:00:00,978 - kedro.runner.sequential_runner - INFO - Pipeline execution completed successfully.
